INFO:     Started server process [4424]
INFO:     Waiting for application startup.
INFO:apps.api.main:Kaun API starting (env=development)
INFO:sqlalchemy.engine.Engine:select pg_catalog.version()
INFO:sqlalchemy.engine.Engine:[raw sql] ()
INFO:sqlalchemy.engine.Engine:select current_schema()
INFO:sqlalchemy.engine.Engine:[raw sql] ()
INFO:sqlalchemy.engine.Engine:show standard_conforming_strings
INFO:sqlalchemy.engine.Engine:[raw sql] ()
INFO:sqlalchemy.engine.Engine:BEGIN (implicit)
INFO:sqlalchemy.engine.Engine:CREATE EXTENSION IF NOT EXISTS postgis
INFO:sqlalchemy.engine.Engine:[generated in 0.00037s] ()
INFO:sqlalchemy.engine.Engine:SELECT pg_catalog.pg_class.relname 
FROM pg_catalog.pg_class JOIN pg_catalog.pg_namespace ON pg_catalog.pg_namespace.oid = pg_catalog.pg_class.relnamespace 
WHERE pg_catalog.pg_class.relname = $1::VARCHAR AND pg_catalog.pg_class.relkind = ANY (ARRAY[$2::VARCHAR, $3::VARCHAR, $4::VARCHAR, $5::VARCHAR, $6::VARCHAR]) AND pg_catalog.pg_table_is_visible(pg_catalog.pg_class.oid) AND pg_catalog.pg_namespace.nspname != $7::VARCHAR
INFO:sqlalchemy.engine.Engine:[generated in 0.00059s] ('wards', 'r', 'p', 'f', 'v', 'm', 'pg_catalog')
INFO:sqlalchemy.engine.Engine:SELECT pg_catalog.pg_class.relname 
FROM pg_catalog.pg_class JOIN pg_catalog.pg_namespace ON pg_catalog.pg_namespace.oid = pg_catalog.pg_class.relnamespace 
WHERE pg_catalog.pg_class.relname = $1::VARCHAR AND pg_catalog.pg_class.relkind = ANY (ARRAY[$2::VARCHAR, $3::VARCHAR, $4::VARCHAR, $5::VARCHAR, $6::VARCHAR]) AND pg_catalog.pg_table_is_visible(pg_catalog.pg_class.oid) AND pg_catalog.pg_namespace.nspname != $7::VARCHAR
INFO:sqlalchemy.engine.Engine:[cached since 0.00792s ago] ('elected_reps', 'r', 'p', 'f', 'v', 'm', 'pg_catalog')
INFO:sqlalchemy.engine.Engine:SELECT pg_catalog.pg_class.relname 
FROM pg_catalog.pg_class JOIN pg_catalog.pg_namespace ON pg_catalog.pg_namespace.oid = pg_catalog.pg_class.relnamespace 
WHERE pg_catalog.pg_class.relname = $1::VARCHAR AND pg_catalog.pg_class.relkind = ANY (ARRAY[$2::VARCHAR, $3::VARCHAR, $4::VARCHAR, $5::VARCHAR, $6::VARCHAR]) AND pg_catalog.pg_table_is_visible(pg_catalog.pg_class.oid) AND pg_catalog.pg_namespace.nspname != $7::VARCHAR
INFO:sqlalchemy.engine.Engine:[cached since 0.0102s ago] ('officers', 'r', 'p', 'f', 'v', 'm', 'pg_catalog')
INFO:sqlalchemy.engine.Engine:SELECT pg_catalog.pg_class.relname 
FROM pg_catalog.pg_class JOIN pg_catalog.pg_namespace ON pg_catalog.pg_namespace.oid = pg_catalog.pg_class.relnamespace 
WHERE pg_catalog.pg_class.relname = $1::VARCHAR AND pg_catalog.pg_class.relkind = ANY (ARRAY[$2::VARCHAR, $3::VARCHAR, $4::VARCHAR, $5::VARCHAR, $6::VARCHAR]) AND pg_catalog.pg_table_is_visible(pg_catalog.pg_class.oid) AND pg_catalog.pg_namespace.nspname != $7::VARCHAR
INFO:sqlalchemy.engine.Engine:[cached since 0.01229s ago] ('tenders', 'r', 'p', 'f', 'v', 'm', 'pg_catalog')
INFO:sqlalchemy.engine.Engine:SELECT pg_catalog.pg_class.relname 
FROM pg_catalog.pg_class JOIN pg_catalog.pg_namespace ON pg_catalog.pg_namespace.oid = pg_catalog.pg_class.relnamespace 
WHERE pg_catalog.pg_class.relname = $1::VARCHAR AND pg_catalog.pg_class.relkind = ANY (ARRAY[$2::VARCHAR, $3::VARCHAR, $4::VARCHAR, $5::VARCHAR, $6::VARCHAR]) AND pg_catalog.pg_table_is_visible(pg_catalog.pg_class.oid) AND pg_catalog.pg_namespace.nspname != $7::VARCHAR
INFO:sqlalchemy.engine.Engine:[cached since 0.01428s ago] ('community_facts', 'r', 'p', 'f', 'v', 'm', 'pg_catalog')
INFO:sqlalchemy.engine.Engine:SELECT pg_catalog.pg_class.relname 
FROM pg_catalog.pg_class JOIN pg_catalog.pg_namespace ON pg_catalog.pg_namespace.oid = pg_catalog.pg_class.relnamespace 
WHERE pg_catalog.pg_class.relname = $1::VARCHAR AND pg_catalog.pg_class.relkind = ANY (ARRAY[$2::VARCHAR, $3::VARCHAR, $4::VARCHAR, $5::VARCHAR, $6::VARCHAR]) AND pg_catalog.pg_table_is_visible(pg_catalog.pg_class.oid) AND pg_catalog.pg_namespace.nspname != $7::VARCHAR
INFO:sqlalchemy.engine.Engine:[cached since 0.01631s ago] ('fact_votes', 'r', 'p', 'f', 'v', 'm', 'pg_catalog')
INFO:sqlalchemy.engine.Engine:COMMIT
INFO:     Application startup complete.
INFO:     Uvicorn running on http://127.0.0.1:8000 (Press CTRL+C to quit)
INFO:sqlalchemy.engine.Engine:BEGIN (implicit)
INFO:sqlalchemy.engine.Engine:SELECT 1
INFO:sqlalchemy.engine.Engine:[generated in 0.00337s] ()
INFO:sqlalchemy.engine.Engine:ROLLBACK
INFO:sqlalchemy.engine.Engine:BEGIN (implicit)
INFO:sqlalchemy.engine.Engine:SELECT community_facts.id, community_facts.city_id, community_facts.ward_no, community_facts.category, community_facts.subject, community_facts.field, community_facts.value, community_facts.source_type, community_facts.source_url, community_facts.source_note, community_facts.corroboration_count, community_facts.dispute_count, community_facts.contributor_token, community_facts.is_active, community_facts.created_at, community_facts.last_corroborated_at 
FROM community_facts 
WHERE community_facts.city_id = $1::VARCHAR AND community_facts.ward_no = $2::INTEGER AND community_facts.category = $3::VARCHAR AND community_facts.subject = $4::VARCHAR AND community_facts.field = $5::VARCHAR AND community_facts.value = $6::VARCHAR AND community_facts.is_active IS true
INFO:sqlalchemy.engine.Engine:[generated in 0.00149s] ('bengaluru', 186, 'officer', 'gba_ward_officer', 'name', 'Suresh Kumar B')
INFO:sqlalchemy.engine.Engine:INSERT INTO community_facts (city_id, ward_no, category, subject, field, value, source_type, source_url, source_note, corroboration_count, dispute_count, contributor_token, is_active, last_corroborated_at) VALUES ($1::VARCHAR, $2::INTEGER, $3::VARCHAR, $4::VARCHAR, $5::VARCHAR, $6::VARCHAR, $7::VARCHAR, $8::VARCHAR, $9::VARCHAR, $10::INTEGER, $11::INTEGER, $12::VARCHAR, $13::BOOLEAN, $14::TIMESTAMP WITHOUT TIME ZONE) RETURNING community_facts.id, community_facts.created_at
INFO:sqlalchemy.engine.Engine:[generated in 0.00081s] ('bengaluru', 186, 'officer', 'gba_ward_officer', 'name', 'Suresh Kumar B', 'community', None, 'Seen on GBA notice board at ward office, 6th Block', 1, 0, 'test-token-abc123', True, None)
INFO:sqlalchemy.engine.Engine:INSERT INTO fact_votes (fact_id, vote_type, voter_token) VALUES ($1::INTEGER, $2::VARCHAR, $3::VARCHAR) RETURNING fact_votes.id, fact_votes.created_at
INFO:sqlalchemy.engine.Engine:[generated in 0.00045s] (5, 'corroborate', 'test-token-abc123')
INFO:sqlalchemy.engine.Engine:COMMIT
INFO:sqlalchemy.engine.Engine:BEGIN (implicit)
INFO:sqlalchemy.engine.Engine:SELECT community_facts.id, community_facts.city_id, community_facts.ward_no, community_facts.category, community_facts.subject, community_facts.field, community_facts.value, community_facts.source_type, community_facts.source_url, community_facts.source_note, community_facts.corroboration_count, community_facts.dispute_count, community_facts.contributor_token, community_facts.is_active, community_facts.created_at, community_facts.last_corroborated_at 
FROM community_facts 
WHERE community_facts.id = $1::INTEGER
INFO:sqlalchemy.engine.Engine:[generated in 0.00038s] (5,)
INFO:sqlalchemy.engine.Engine:ROLLBACK
INFO:sqlalchemy.engine.Engine:BEGIN (implicit)
INFO:sqlalchemy.engine.Engine:SELECT community_facts.id, community_facts.city_id, community_facts.ward_no, community_facts.category, community_facts.subject, community_facts.field, community_facts.value, community_facts.source_type, community_facts.source_url, community_facts.source_note, community_facts.corroboration_count, community_facts.dispute_count, community_facts.contributor_token, community_facts.is_active, community_facts.created_at, community_facts.last_corroborated_at 
FROM community_facts 
WHERE community_facts.city_id = $1::VARCHAR AND community_facts.ward_no = $2::INTEGER AND community_facts.category = $3::VARCHAR AND community_facts.subject = $4::VARCHAR AND community_facts.field = $5::VARCHAR AND community_facts.value = $6::VARCHAR AND community_facts.is_active IS true
INFO:sqlalchemy.engine.Engine:[cached since 0.1108s ago] ('bengaluru', 186, 'officer', 'gba_ward_officer', 'phone', '98441 23456')
INFO:sqlalchemy.engine.Engine:INSERT INTO community_facts (city_id, ward_no, category, subject, field, value, source_type, source_url, source_note, corroboration_count, dispute_count, contributor_token, is_active, last_corroborated_at) VALUES ($1::VARCHAR, $2::INTEGER, $3::VARCHAR, $4::VARCHAR, $5::VARCHAR, $6::VARCHAR, $7::VARCHAR, $8::VARCHAR, $9::VARCHAR, $10::INTEGER, $11::INTEGER, $12::VARCHAR, $13::BOOLEAN, $14::TIMESTAMP WITHOUT TIME ZONE) RETURNING community_facts.id, community_facts.created_at
INFO:sqlalchemy.engine.Engine:[cached since 0.06524s ago] ('bengaluru', 186, 'officer', 'gba_ward_officer', 'phone', '98441 23456', 'community', None, None, 1, 0, 'test-token-xyz789', True, None)
INFO:sqlalchemy.engine.Engine:INSERT INTO fact_votes (fact_id, vote_type, voter_token) VALUES ($1::INTEGER, $2::VARCHAR, $3::VARCHAR) RETURNING fact_votes.id, fact_votes.created_at
INFO:sqlalchemy.engine.Engine:[cached since 0.06222s ago] (6, 'corroborate', 'test-token-xyz789')
INFO:sqlalchemy.engine.Engine:COMMIT
INFO:sqlalchemy.engine.Engine:BEGIN (implicit)
INFO:sqlalchemy.engine.Engine:SELECT community_facts.id, community_facts.city_id, community_facts.ward_no, community_facts.category, community_facts.subject, community_facts.field, community_facts.value, community_facts.source_type, community_facts.source_url, community_facts.source_note, community_facts.corroboration_count, community_facts.dispute_count, community_facts.contributor_token, community_facts.is_active, community_facts.created_at, community_facts.last_corroborated_at 
FROM community_facts 
WHERE community_facts.id = $1::INTEGER
INFO:sqlalchemy.engine.Engine:[cached since 0.05846s ago] (6,)
INFO:sqlalchemy.engine.Engine:ROLLBACK
INFO:sqlalchemy.engine.Engine:BEGIN (implicit)
INFO:sqlalchemy.engine.Engine:SELECT community_facts.id, community_facts.city_id, community_facts.ward_no, community_facts.category, community_facts.subject, community_facts.field, community_facts.value, community_facts.source_type, community_facts.source_url, community_facts.source_note, community_facts.corroboration_count, community_facts.dispute_count, community_facts.contributor_token, community_facts.is_active, community_facts.created_at, community_facts.last_corroborated_at 
FROM community_facts 
WHERE community_facts.id = $1::INTEGER AND community_facts.is_active IS true
INFO:sqlalchemy.engine.Engine:[generated in 0.00043s] (5,)
INFO:sqlalchemy.engine.Engine:SELECT fact_votes.id, fact_votes.fact_id, fact_votes.vote_type, fact_votes.voter_token, fact_votes.created_at 
FROM fact_votes 
WHERE fact_votes.fact_id = $1::INTEGER AND fact_votes.voter_token = $2::VARCHAR
INFO:sqlalchemy.engine.Engine:[generated in 0.00043s] (5, 'voter-token-111')
INFO:sqlalchemy.engine.Engine:UPDATE community_facts SET corroboration_count=$1::INTEGER WHERE community_facts.id = $2::INTEGER
INFO:sqlalchemy.engine.Engine:[generated in 0.00048s] (2, 5)
INFO:sqlalchemy.engine.Engine:INSERT INTO fact_votes (fact_id, vote_type, voter_token) VALUES ($1::INTEGER, $2::VARCHAR, $3::VARCHAR) RETURNING fact_votes.id, fact_votes.created_at
INFO:sqlalchemy.engine.Engine:[cached since 0.09436s ago] (5, 'corroborate', 'voter-token-111')
INFO:sqlalchemy.engine.Engine:COMMIT
INFO:sqlalchemy.engine.Engine:BEGIN (implicit)
INFO:sqlalchemy.engine.Engine:SELECT community_facts.id, community_facts.city_id, community_facts.ward_no, community_facts.category, community_facts.subject, community_facts.field, community_facts.value, community_facts.source_type, community_facts.source_url, community_facts.source_note, community_facts.corroboration_count, community_facts.dispute_count, community_facts.contributor_token, community_facts.is_active, community_facts.created_at, community_facts.last_corroborated_at 
FROM community_facts 
WHERE community_facts.id = $1::INTEGER
INFO:sqlalchemy.engine.Engine:[cached since 0.09316s ago] (5,)
INFO:sqlalchemy.engine.Engine:ROLLBACK
INFO:sqlalchemy.engine.Engine:BEGIN (implicit)
INFO:sqlalchemy.engine.Engine:SELECT elected_reps.id, elected_reps.city_id, elected_reps.role, elected_reps.constituency, elected_reps.name, elected_reps.party, elected_reps.elected_since, elected_reps.photo_url, elected_reps.phone, elected_reps.email, elected_reps.profile_url, elected_reps.notes, elected_reps.data_source 
FROM elected_reps 
WHERE elected_reps.city_id = $1::VARCHAR AND elected_reps.constituency = $2::VARCHAR
INFO:sqlalchemy.engine.Engine:[generated in 0.00049s] ('bengaluru', 'BTM Layout')
INFO:sqlalchemy.engine.Engine:SELECT officers.id, officers.city_id, officers.ward_no, officers.department, officers.role, officers.name, officers.phone, officers.source, officers.updated_at 
FROM officers 
WHERE officers.city_id = $1::VARCHAR AND officers.ward_no = $2::INTEGER
INFO:sqlalchemy.engine.Engine:[generated in 0.00043s] ('bengaluru', 186)
INFO:sqlalchemy.engine.Engine:SELECT tenders.id, tenders.city_id, tenders.ward_no, tenders.kppp_id, tenders.title, tenders.department, tenders.contractor_name, tenders.contractor_blacklisted, tenders.value_lakh, tenders.status, tenders.issued_date, tenders.deadline, tenders.source_url, tenders.scraped_at 
FROM tenders 
WHERE tenders.city_id = $1::VARCHAR AND tenders.ward_no = $2::INTEGER ORDER BY tenders.issued_date DESC 
 LIMIT $3::INTEGER
INFO:sqlalchemy.engine.Engine:[generated in 0.00053s] ('bengaluru', 186, 10)
INFO:sqlalchemy.engine.Engine:SELECT community_facts.id, community_facts.city_id, community_facts.ward_no, community_facts.category, community_facts.subject, community_facts.field, community_facts.value, community_facts.source_type, community_facts.source_url, community_facts.source_note, community_facts.corroboration_count, community_facts.dispute_count, community_facts.contributor_token, community_facts.is_active, community_facts.created_at, community_facts.last_corroborated_at 
FROM community_facts 
WHERE community_facts.city_id = $1::VARCHAR AND community_facts.ward_no = $2::INTEGER AND community_facts.is_active = true ORDER BY community_facts.corroboration_count DESC, community_facts.created_at DESC
INFO:sqlalchemy.engine.Engine:[generated in 0.00044s] ('bengaluru', 186)
INFO:sqlalchemy.engine.Engine:ROLLBACK
INFO:sqlalchemy.engine.Engine:BEGIN (implicit)
INFO:sqlalchemy.engine.Engine:
                SELECT
                    ward_no,
                    ward_name,
                    zone,
                    assembly_constituency
                FROM wards
                WHERE
                    city_id = $1
                    AND ST_Contains(
                        geom,
                        ST_SetSRID(ST_Point($2, $3), 4326)
                    )
                LIMIT 1
                
INFO:sqlalchemy.engine.Engine:[generated in 0.00048s] ('bengaluru', 77.67745971679689, 12.917902675001255)
INFO:sqlalchemy.engine.Engine:ROLLBACK
INFO:sqlalchemy.engine.Engine:BEGIN (implicit)
INFO:sqlalchemy.engine.Engine:SELECT elected_reps.id, elected_reps.city_id, elected_reps.role, elected_reps.constituency, elected_reps.name, elected_reps.party, elected_reps.elected_since, elected_reps.photo_url, elected_reps.phone, elected_reps.email, elected_reps.profile_url, elected_reps.notes, elected_reps.data_source 
FROM elected_reps 
WHERE elected_reps.city_id = $1::VARCHAR AND elected_reps.constituency = $2::VARCHAR
INFO:sqlalchemy.engine.Engine:[cached since 588.6s ago] ('bengaluru', 'Mahadevapura')
INFO:sqlalchemy.engine.Engine:SELECT officers.id, officers.city_id, officers.ward_no, officers.department, officers.role, officers.name, officers.phone, officers.source, officers.updated_at 
FROM officers 
WHERE officers.city_id = $1::VARCHAR AND officers.ward_no = $2::INTEGER
INFO:sqlalchemy.engine.Engine:[cached since 588.6s ago] ('bengaluru', 116)
INFO:sqlalchemy.engine.Engine:SELECT tenders.id, tenders.city_id, tenders.ward_no, tenders.kppp_id, tenders.title, tenders.department, tenders.contractor_name, tenders.contractor_blacklisted, tenders.value_lakh, tenders.status, tenders.issued_date, tenders.deadline, tenders.source_url, tenders.scraped_at 
FROM tenders 
WHERE tenders.city_id = $1::VARCHAR AND tenders.ward_no = $2::INTEGER ORDER BY tenders.issued_date DESC 
 LIMIT $3::INTEGER
INFO:sqlalchemy.engine.Engine:[cached since 588.6s ago] ('bengaluru', 116, 10)
INFO:sqlalchemy.engine.Engine:SELECT community_facts.id, community_facts.city_id, community_facts.ward_no, community_facts.category, community_facts.subject, community_facts.field, community_facts.value, community_facts.source_type, community_facts.source_url, community_facts.source_note, community_facts.corroboration_count, community_facts.dispute_count, community_facts.contributor_token, community_facts.is_active, community_facts.created_at, community_facts.last_corroborated_at 
FROM community_facts 
WHERE community_facts.city_id = $1::VARCHAR AND community_facts.ward_no = $2::INTEGER AND community_facts.is_active = true ORDER BY community_facts.corroboration_count DESC, community_facts.created_at DESC
INFO:sqlalchemy.engine.Engine:[cached since 588.6s ago] ('bengaluru', 116)
INFO:sqlalchemy.engine.Engine:ROLLBACK
INFO:sqlalchemy.engine.Engine:BEGIN (implicit)
INFO:sqlalchemy.engine.Engine:SELECT elected_reps.id, elected_reps.city_id, elected_reps.role, elected_reps.constituency, elected_reps.name, elected_reps.party, elected_reps.elected_since, elected_reps.photo_url, elected_reps.phone, elected_reps.email, elected_reps.profile_url, elected_reps.notes, elected_reps.data_source 
FROM elected_reps 
WHERE elected_reps.city_id = $1::VARCHAR AND elected_reps.constituency = $2::VARCHAR
INFO:sqlalchemy.engine.Engine:[cached since 1271s ago] ('bengaluru', 'Mahadevapura')
INFO:sqlalchemy.engine.Engine:SELECT officers.id, officers.city_id, officers.ward_no, officers.department, officers.role, officers.name, officers.phone, officers.source, officers.updated_at 
FROM officers 
WHERE officers.city_id = $1::VARCHAR AND officers.ward_no = $2::INTEGER
INFO:sqlalchemy.engine.Engine:[cached since 1271s ago] ('bengaluru', 151)
INFO:sqlalchemy.engine.Engine:SELECT tenders.id, tenders.city_id, tenders.ward_no, tenders.kppp_id, tenders.title, tenders.department, tenders.contractor_name, tenders.contractor_blacklisted, tenders.value_lakh, tenders.status, tenders.issued_date, tenders.deadline, tenders.source_url, tenders.scraped_at 
FROM tenders 
WHERE tenders.city_id = $1::VARCHAR AND tenders.ward_no = $2::INTEGER ORDER BY tenders.issued_date DESC 
 LIMIT $3::INTEGER
INFO:sqlalchemy.engine.Engine:[cached since 1271s ago] ('bengaluru', 151, 10)
INFO:sqlalchemy.engine.Engine:SELECT community_facts.id, community_facts.city_id, community_facts.ward_no, community_facts.category, community_facts.subject, community_facts.field, community_facts.value, community_facts.source_type, community_facts.source_url, community_facts.source_note, community_facts.corroboration_count, community_facts.dispute_count, community_facts.contributor_token, community_facts.is_active, community_facts.created_at, community_facts.last_corroborated_at 
FROM community_facts 
WHERE community_facts.city_id = $1::VARCHAR AND community_facts.ward_no = $2::INTEGER AND community_facts.is_active = true ORDER BY community_facts.corroboration_count DESC, community_facts.created_at DESC
INFO:sqlalchemy.engine.Engine:[cached since 1271s ago] ('bengaluru', 151)
INFO:sqlalchemy.engine.Engine:ROLLBACK
